<?xml version="1.0" encoding="UTF-8"?>
<testsuite xmlns:xsi="http://www.w3.org/2001/XMLSchema-instance" xsi:noNamespaceSchemaLocation="https://maven.apache.org/surefire/maven-surefire-plugin/xsd/surefire-test-report.xsd" name="com.example.milestone1.Milestone1ApplicationTests" time="5.84" tests="1" errors="0" skipped="0" failures="0">
  <properties>
    <property name="gopherProxySet" value="false"/>
    <property name="awt.toolkit" value="sun.lwawt.macosx.LWCToolkit"/>
    <property name="http.proxyHost" value="proxy.paytmbankproxy.net"/>
    <property name="file.encoding.pkg" value="sun.io"/>
    <property name="java.specification.version" value="1.8"/>
    <property name="sun.cpu.isalist" value=""/>
    <property name="sun.jnu.encoding" value="UTF-8"/>
    <property name="java.class.path" value="/Users/abhayam.rastogi/BE Projects/paytm-milestones/target/test-classes:/Users/abhayam.rastogi/BE Projects/paytm-milestones/target/classes:/Users/abhayam.rastogi/.m2/repository/org/springframework/boot/spring-boot-starter-data-jpa/2.5.2/spring-boot-starter-data-jpa-2.5.2.jar:/Users/abhayam.rastogi/.m2/repository/org/springframework/boot/spring-boot-starter-aop/2.5.2/spring-boot-starter-aop-2.5.2.jar:/Users/abhayam.rastogi/.m2/repository/org/springframework/spring-aop/5.3.8/spring-aop-5.3.8.jar:/Users/abhayam.rastogi/.m2/repository/org/aspectj/aspectjweaver/1.9.6/aspectjweaver-1.9.6.jar:/Users/abhayam.rastogi/.m2/repository/org/springframework/boot/spring-boot-starter-jdbc/2.5.2/spring-boot-starter-jdbc-2.5.2.jar:/Users/abhayam.rastogi/.m2/repository/com/zaxxer/HikariCP/4.0.3/HikariCP-4.0.3.jar:/Users/abhayam.rastogi/.m2/repository/org/springframework/spring-jdbc/5.3.8/spring-jdbc-5.3.8.jar:/Users/abhayam.rastogi/.m2/repository/jakarta/transaction/jakarta.transaction-api/1.3.3/jakarta.transaction-api-1.3.3.jar:/Users/abhayam.rastogi/.m2/repository/jakarta/persistence/jakarta.persistence-api/2.2.3/jakarta.persistence-api-2.2.3.jar:/Users/abhayam.rastogi/.m2/repository/org/hibernate/hibernate-core/5.4.32.Final/hibernate-core-5.4.32.Final.jar:/Users/abhayam.rastogi/.m2/repository/org/jboss/logging/jboss-logging/3.4.2.Final/jboss-logging-3.4.2.Final.jar:/Users/abhayam.rastogi/.m2/repository/org/javassist/javassist/3.27.0-GA/javassist-3.27.0-GA.jar:/Users/abhayam.rastogi/.m2/repository/net/bytebuddy/byte-buddy/1.10.22/byte-buddy-1.10.22.jar:/Users/abhayam.rastogi/.m2/repository/antlr/antlr/2.7.7/antlr-2.7.7.jar:/Users/abhayam.rastogi/.m2/repository/org/jboss/jandex/2.2.3.Final/jandex-2.2.3.Final.jar:/Users/abhayam.rastogi/.m2/repository/com/fasterxml/classmate/1.5.1/classmate-1.5.1.jar:/Users/abhayam.rastogi/.m2/repository/org/dom4j/dom4j/2.1.3/dom4j-2.1.3.jar:/Users/abhayam.rastogi/.m2/repository/org/hibernate/common/hibernate-commons-annotations/5.1.2.Final/hibernate-commons-annotations-5.1.2.Final.jar:/Users/abhayam.rastogi/.m2/repository/org/glassfish/jaxb/jaxb-runtime/2.3.4/jaxb-runtime-2.3.4.jar:/Users/abhayam.rastogi/.m2/repository/org/glassfish/jaxb/txw2/2.3.4/txw2-2.3.4.jar:/Users/abhayam.rastogi/.m2/repository/com/sun/istack/istack-commons-runtime/3.0.12/istack-commons-runtime-3.0.12.jar:/Users/abhayam.rastogi/.m2/repository/com/sun/activation/jakarta.activation/1.2.2/jakarta.activation-1.2.2.jar:/Users/abhayam.rastogi/.m2/repository/org/springframework/data/spring-data-jpa/2.5.2/spring-data-jpa-2.5.2.jar:/Users/abhayam.rastogi/.m2/repository/org/springframework/data/spring-data-commons/2.5.2/spring-data-commons-2.5.2.jar:/Users/abhayam.rastogi/.m2/repository/org/springframework/spring-orm/5.3.8/spring-orm-5.3.8.jar:/Users/abhayam.rastogi/.m2/repository/org/springframework/spring-beans/5.3.8/spring-beans-5.3.8.jar:/Users/abhayam.rastogi/.m2/repository/org/springframework/spring-aspects/5.3.8/spring-aspects-5.3.8.jar:/Users/abhayam.rastogi/.m2/repository/org/springframework/boot/spring-boot-starter-web/2.5.2/spring-boot-starter-web-2.5.2.jar:/Users/abhayam.rastogi/.m2/repository/org/springframework/boot/spring-boot-starter/2.5.2/spring-boot-starter-2.5.2.jar:/Users/abhayam.rastogi/.m2/repository/org/springframework/boot/spring-boot/2.5.2/spring-boot-2.5.2.jar:/Users/abhayam.rastogi/.m2/repository/org/springframework/boot/spring-boot-autoconfigure/2.5.2/spring-boot-autoconfigure-2.5.2.jar:/Users/abhayam.rastogi/.m2/repository/org/springframework/boot/spring-boot-starter-logging/2.5.2/spring-boot-starter-logging-2.5.2.jar:/Users/abhayam.rastogi/.m2/repository/ch/qos/logback/logback-classic/1.2.3/logback-classic-1.2.3.jar:/Users/abhayam.rastogi/.m2/repository/ch/qos/logback/logback-core/1.2.3/logback-core-1.2.3.jar:/Users/abhayam.rastogi/.m2/repository/org/apache/logging/log4j/log4j-to-slf4j/2.14.1/log4j-to-slf4j-2.14.1.jar:/Users/abhayam.rastogi/.m2/repository/org/apache/logging/log4j/log4j-api/2.14.1/log4j-api-2.14.1.jar:/Users/abhayam.rastogi/.m2/repository/org/slf4j/jul-to-slf4j/1.7.31/jul-to-slf4j-1.7.31.jar:/Users/abhayam.rastogi/.m2/repository/jakarta/annotation/jakarta.annotation-api/1.3.5/jakarta.annotation-api-1.3.5.jar:/Users/abhayam.rastogi/.m2/repository/org/yaml/snakeyaml/1.28/snakeyaml-1.28.jar:/Users/abhayam.rastogi/.m2/repository/org/springframework/boot/spring-boot-starter-json/2.5.2/spring-boot-starter-json-2.5.2.jar:/Users/abhayam.rastogi/.m2/repository/com/fasterxml/jackson/datatype/jackson-datatype-jdk8/2.12.3/jackson-datatype-jdk8-2.12.3.jar:/Users/abhayam.rastogi/.m2/repository/com/fasterxml/jackson/datatype/jackson-datatype-jsr310/2.12.3/jackson-datatype-jsr310-2.12.3.jar:/Users/abhayam.rastogi/.m2/repository/com/fasterxml/jackson/module/jackson-module-parameter-names/2.12.3/jackson-module-parameter-names-2.12.3.jar:/Users/abhayam.rastogi/.m2/repository/org/springframework/boot/spring-boot-starter-tomcat/2.5.2/spring-boot-starter-tomcat-2.5.2.jar:/Users/abhayam.rastogi/.m2/repository/org/apache/tomcat/embed/tomcat-embed-core/9.0.48/tomcat-embed-core-9.0.48.jar:/Users/abhayam.rastogi/.m2/repository/org/apache/tomcat/embed/tomcat-embed-el/9.0.48/tomcat-embed-el-9.0.48.jar:/Users/abhayam.rastogi/.m2/repository/org/apache/tomcat/embed/tomcat-embed-websocket/9.0.48/tomcat-embed-websocket-9.0.48.jar:/Users/abhayam.rastogi/.m2/repository/org/springframework/spring-web/5.3.8/spring-web-5.3.8.jar:/Users/abhayam.rastogi/.m2/repository/org/springframework/spring-webmvc/5.3.8/spring-webmvc-5.3.8.jar:/Users/abhayam.rastogi/.m2/repository/org/springframework/spring-expression/5.3.8/spring-expression-5.3.8.jar:/Users/abhayam.rastogi/.m2/repository/org/apache/kafka/kafka-streams/2.7.1/kafka-streams-2.7.1.jar:/Users/abhayam.rastogi/.m2/repository/org/apache/kafka/kafka-clients/2.7.1/kafka-clients-2.7.1.jar:/Users/abhayam.rastogi/.m2/repository/com/github/luben/zstd-jni/1.4.5-6/zstd-jni-1.4.5-6.jar:/Users/abhayam.rastogi/.m2/repository/org/lz4/lz4-java/1.7.1/lz4-java-1.7.1.jar:/Users/abhayam.rastogi/.m2/repository/org/xerial/snappy/snappy-java/1.1.7.7/snappy-java-1.1.7.7.jar:/Users/abhayam.rastogi/.m2/repository/org/apache/kafka/connect-json/2.7.1/connect-json-2.7.1.jar:/Users/abhayam.rastogi/.m2/repository/org/apache/kafka/connect-api/2.7.1/connect-api-2.7.1.jar:/Users/abhayam.rastogi/.m2/repository/org/slf4j/slf4j-api/1.7.31/slf4j-api-1.7.31.jar:/Users/abhayam.rastogi/.m2/repository/org/rocksdb/rocksdbjni/5.18.4/rocksdbjni-5.18.4.jar:/Users/abhayam.rastogi/.m2/repository/org/springframework/kafka/spring-kafka/2.7.3/spring-kafka-2.7.3.jar:/Users/abhayam.rastogi/.m2/repository/org/springframework/spring-context/5.3.8/spring-context-5.3.8.jar:/Users/abhayam.rastogi/.m2/repository/org/springframework/spring-messaging/5.3.8/spring-messaging-5.3.8.jar:/Users/abhayam.rastogi/.m2/repository/org/springframework/spring-tx/5.3.8/spring-tx-5.3.8.jar:/Users/abhayam.rastogi/.m2/repository/org/springframework/retry/spring-retry/1.3.1/spring-retry-1.3.1.jar:/Users/abhayam.rastogi/.m2/repository/org/jetbrains/kotlin/kotlin-stdlib/1.5.20/kotlin-stdlib-1.5.20.jar:/Users/abhayam.rastogi/.m2/repository/org/jetbrains/annotations/13.0/annotations-13.0.jar:/Users/abhayam.rastogi/.m2/repository/org/jetbrains/kotlin/kotlin-stdlib-common/1.5.20/kotlin-stdlib-common-1.5.20.jar:/Users/abhayam.rastogi/.m2/repository/com/google/code/findbugs/jsr305/3.0.2/jsr305-3.0.2.jar:/Users/abhayam.rastogi/.m2/repository/mysql/mysql-connector-java/8.0.25/mysql-connector-java-8.0.25.jar:/Users/abhayam.rastogi/.m2/repository/org/springframework/boot/spring-boot-starter-test/2.5.2/spring-boot-starter-test-2.5.2.jar:/Users/abhayam.rastogi/.m2/repository/org/springframework/boot/spring-boot-test/2.5.2/spring-boot-test-2.5.2.jar:/Users/abhayam.rastogi/.m2/repository/org/springframework/boot/spring-boot-test-autoconfigure/2.5.2/spring-boot-test-autoconfigure-2.5.2.jar:/Users/abhayam.rastogi/.m2/repository/com/jayway/jsonpath/json-path/2.5.0/json-path-2.5.0.jar:/Users/abhayam.rastogi/.m2/repository/net/minidev/json-smart/2.4.7/json-smart-2.4.7.jar:/Users/abhayam.rastogi/.m2/repository/net/minidev/accessors-smart/2.4.7/accessors-smart-2.4.7.jar:/Users/abhayam.rastogi/.m2/repository/org/ow2/asm/asm/9.1/asm-9.1.jar:/Users/abhayam.rastogi/.m2/repository/jakarta/xml/bind/jakarta.xml.bind-api/2.3.3/jakarta.xml.bind-api-2.3.3.jar:/Users/abhayam.rastogi/.m2/repository/jakarta/activation/jakarta.activation-api/1.2.2/jakarta.activation-api-1.2.2.jar:/Users/abhayam.rastogi/.m2/repository/org/assertj/assertj-core/3.19.0/assertj-core-3.19.0.jar:/Users/abhayam.rastogi/.m2/repository/org/hamcrest/hamcrest/2.2/hamcrest-2.2.jar:/Users/abhayam.rastogi/.m2/repository/org/junit/jupiter/junit-jupiter/5.7.2/junit-jupiter-5.7.2.jar:/Users/abhayam.rastogi/.m2/repository/org/junit/jupiter/junit-jupiter-params/5.7.2/junit-jupiter-params-5.7.2.jar:/Users/abhayam.rastogi/.m2/repository/org/junit/jupiter/junit-jupiter-engine/5.7.2/junit-jupiter-engine-5.7.2.jar:/Users/abhayam.rastogi/.m2/repository/org/junit/platform/junit-platform-engine/1.7.2/junit-platform-engine-1.7.2.jar:/Users/abhayam.rastogi/.m2/repository/org/mockito/mockito-core/3.9.0/mockito-core-3.9.0.jar:/Users/abhayam.rastogi/.m2/repository/net/bytebuddy/byte-buddy-agent/1.10.22/byte-buddy-agent-1.10.22.jar:/Users/abhayam.rastogi/.m2/repository/org/objenesis/objenesis/3.2/objenesis-3.2.jar:/Users/abhayam.rastogi/.m2/repository/org/mockito/mockito-junit-jupiter/3.9.0/mockito-junit-jupiter-3.9.0.jar:/Users/abhayam.rastogi/.m2/repository/org/skyscreamer/jsonassert/1.5.0/jsonassert-1.5.0.jar:/Users/abhayam.rastogi/.m2/repository/com/vaadin/external/google/android-json/0.0.20131108.vaadin1/android-json-0.0.20131108.vaadin1.jar:/Users/abhayam.rastogi/.m2/repository/org/springframework/spring-core/5.3.8/spring-core-5.3.8.jar:/Users/abhayam.rastogi/.m2/repository/org/springframework/spring-jcl/5.3.8/spring-jcl-5.3.8.jar:/Users/abhayam.rastogi/.m2/repository/org/springframework/spring-test/5.3.8/spring-test-5.3.8.jar:/Users/abhayam.rastogi/.m2/repository/org/xmlunit/xmlunit-core/2.8.2/xmlunit-core-2.8.2.jar:/Users/abhayam.rastogi/.m2/repository/org/springframework/kafka/spring-kafka-test/2.7.3/spring-kafka-test-2.7.3.jar:/Users/abhayam.rastogi/.m2/repository/org/apache/kafka/kafka-clients/2.7.1/kafka-clients-2.7.1-test.jar:/Users/abhayam.rastogi/.m2/repository/org/apache/kafka/kafka-streams-test-utils/2.7.1/kafka-streams-test-utils-2.7.1.jar:/Users/abhayam.rastogi/.m2/repository/org/apache/kafka/kafka_2.13/2.7.1/kafka_2.13-2.7.1.jar:/Users/abhayam.rastogi/.m2/repository/org/apache/kafka/kafka-raft/2.7.1/kafka-raft-2.7.1.jar:/Users/abhayam.rastogi/.m2/repository/com/fasterxml/jackson/module/jackson-module-scala_2.13/2.12.3/jackson-module-scala_2.13-2.12.3.jar:/Users/abhayam.rastogi/.m2/repository/com/thoughtworks/paranamer/paranamer/2.8/paranamer-2.8.jar:/Users/abhayam.rastogi/.m2/repository/com/fasterxml/jackson/dataformat/jackson-dataformat-csv/2.12.3/jackson-dataformat-csv-2.12.3.jar:/Users/abhayam.rastogi/.m2/repository/net/sf/jopt-simple/jopt-simple/5.0.4/jopt-simple-5.0.4.jar:/Users/abhayam.rastogi/.m2/repository/com/yammer/metrics/metrics-core/2.2.0/metrics-core-2.2.0.jar:/Users/abhayam.rastogi/.m2/repository/org/scala-lang/modules/scala-collection-compat_2.13/2.2.0/scala-collection-compat_2.13-2.2.0.jar:/Users/abhayam.rastogi/.m2/repository/org/scala-lang/modules/scala-java8-compat_2.13/0.9.1/scala-java8-compat_2.13-0.9.1.jar:/Users/abhayam.rastogi/.m2/repository/org/scala-lang/scala-library/2.13.3/scala-library-2.13.3.jar:/Users/abhayam.rastogi/.m2/repository/org/scala-lang/scala-reflect/2.13.3/scala-reflect-2.13.3.jar:/Users/abhayam.rastogi/.m2/repository/com/typesafe/scala-logging/scala-logging_2.13/3.9.2/scala-logging_2.13-3.9.2.jar:/Users/abhayam.rastogi/.m2/repository/org/apache/zookeeper/zookeeper/3.5.9/zookeeper-3.5.9.jar:/Users/abhayam.rastogi/.m2/repository/org/apache/zookeeper/zookeeper-jute/3.5.9/zookeeper-jute-3.5.9.jar:/Users/abhayam.rastogi/.m2/repository/org/apache/yetus/audience-annotations/0.5.0/audience-annotations-0.5.0.jar:/Users/abhayam.rastogi/.m2/repository/io/netty/netty-handler/4.1.65.Final/netty-handler-4.1.65.Final.jar:/Users/abhayam.rastogi/.m2/repository/io/netty/netty-common/4.1.65.Final/netty-common-4.1.65.Final.jar:/Users/abhayam.rastogi/.m2/repository/io/netty/netty-resolver/4.1.65.Final/netty-resolver-4.1.65.Final.jar:/Users/abhayam.rastogi/.m2/repository/io/netty/netty-buffer/4.1.65.Final/netty-buffer-4.1.65.Final.jar:/Users/abhayam.rastogi/.m2/repository/io/netty/netty-transport/4.1.65.Final/netty-transport-4.1.65.Final.jar:/Users/abhayam.rastogi/.m2/repository/io/netty/netty-codec/4.1.65.Final/netty-codec-4.1.65.Final.jar:/Users/abhayam.rastogi/.m2/repository/io/netty/netty-transport-native-epoll/4.1.65.Final/netty-transport-native-epoll-4.1.65.Final.jar:/Users/abhayam.rastogi/.m2/repository/io/netty/netty-transport-native-unix-common/4.1.65.Final/netty-transport-native-unix-common-4.1.65.Final.jar:/Users/abhayam.rastogi/.m2/repository/commons-cli/commons-cli/1.4/commons-cli-1.4.jar:/Users/abhayam.rastogi/.m2/repository/org/apache/kafka/kafka_2.13/2.7.1/kafka_2.13-2.7.1-test.jar:/Users/abhayam.rastogi/.m2/repository/org/junit/jupiter/junit-jupiter-api/5.7.2/junit-jupiter-api-5.7.2.jar:/Users/abhayam.rastogi/.m2/repository/org/apiguardian/apiguardian-api/1.1.0/apiguardian-api-1.1.0.jar:/Users/abhayam.rastogi/.m2/repository/org/opentest4j/opentest4j/1.2.0/opentest4j-1.2.0.jar:/Users/abhayam.rastogi/.m2/repository/org/junit/platform/junit-platform-commons/1.7.2/junit-platform-commons-1.7.2.jar:/Users/abhayam.rastogi/.m2/repository/com/fasterxml/jackson/core/jackson-databind/2.11.4/jackson-databind-2.11.4.jar:/Users/abhayam.rastogi/.m2/repository/com/fasterxml/jackson/core/jackson-annotations/2.12.3/jackson-annotations-2.12.3.jar:/Users/abhayam.rastogi/.m2/repository/com/fasterxml/jackson/core/jackson-core/2.12.3/jackson-core-2.12.3.jar:"/>
    <property name="https.proxyPort" value="8080"/>
    <property name="java.vm.vendor" value="Oracle Corporation"/>
    <property name="sun.arch.data.model" value="64"/>
    <property name="java.vendor.url" value="http://java.oracle.com/"/>
    <property name="user.timezone" value=""/>
    <property name="user.country.format" value="IN"/>
    <property name="java.vm.specification.version" value="1.8"/>
    <property name="os.name" value="Mac OS X"/>
    <property name="user.country" value="GB"/>
    <property name="sun.java.launcher" value="SUN_STANDARD"/>
    <property name="sun.boot.library.path" value="/Library/Java/JavaVirtualMachines/jdk1.8.0_231.jdk/Contents/Home/jre/lib"/>
    <property name="sun.java.command" value="/Users/abhayam.rastogi/BE Projects/paytm-milestones/target/surefire/surefirebooter2329220836123902331.jar /Users/abhayam.rastogi/BE Projects/paytm-milestones/target/surefire 2021-06-26T18-03-01_185-jvmRun1 surefire4760063947009741480tmp surefire_07183921708070319700tmp"/>
    <property name="http.nonProxyHosts" value="paytmbank.net|*.paytmbank.net|103.14.162.34|115.110.141.122|203.122.59.34|203.122.59.38|103.14.161.34|203.122.38.200|paytmpaymentsbank.com|*.paytmpaymentsbank.com|202.143.99.187|125.19.44.94|125.63.68.126|onelogin.paytmbank.com|*.onelogin.paytmbank.com|ds2-hue.paytmbank.com|*.ds2-hue.paytmbank.com|ds2-dehleez.paytmbank.com|*.ds2-dehleez.paytmbank.com|ganges-mumbai-1.paytmlabs.com|*.ganges-mumbai-1.paytmlabs.com|cst-sop.paytmbank.com|*.cst-sop.paytmbank.com|mdr-in.paladion.net|*.mdr-in.paladion.net|cheque-ctsuat.paytmbank.com|*.cheque-ctsuat.paytmbank.com|uatweb.paytm-pb.net|*.uatweb.paytm-pb.net|dcvpn.paytmbank.com|*.dcvpn.paytmbank.com|owa.paytmbank.com|*.owa.paytmbank.com|ds2-hue.paytmlabs.com|*.ds2-hue.paytmlabs.com|192.168.188.59|android-ci01.mypaytm.com|*.android-ci01.mypaytm.com|maquette-sa1-stg.inner-route.com|*.maquette-sa1-stg.inner-route.com|maquette-sa1-prod.inner-route.com|*.maquette-sa1-prod.inner-route.com|local.paytm.com|*.local.paytm.com|local.paytmbank.com|*.local.paytmbank.com|ds2-ambari.paytmbank.com|*.ds2-ambari.paytmbank.com|ds2-resourcemanager.paytmbank.com|*.ds2-resourcemanager.paytmbank.com|ds2-azkaban.paytmbank.com|*.ds2-azkaban.paytmbank.com|ds2-dataset.paytmbank.com|*.ds2-dataset.paytmbank.com|dwh-jenkins.paytmbank.com|*.dwh-jenkins.paytmbank.com|dashboard-ite2.paytmbank.com|*.dashboard-ite2.paytmbank.com|ds2-azkaban-staging.paytmbank.com|*.ds2-azkaban-staging.paytmbank.com|cheque-cts.paytmbank.com|*.cheque-cts.paytmbank.com|203.145.172.180|kyc-kubedashboard-staging.paytmbank.com|*.kyc-kubedashboard-staging.paytmbank.com|bitbucket.org|*.bitbucket.org|dwh-ambari-staging.paytmbank.com|*.dwh-ambari-staging.paytmbank.com|uapworkflow-engine-ite.paytmbank.com|*.uapworkflow-engine-ite.paytmbank.com|maven.fabric.io/public|*.maven.fabric.io/public|midgar.bintray.com/Pai|*.midgar.bintray.com/Pai|internal-kibana-kyc-1354473297.ap-south-1.elb.amazonaws.com|*.internal-kibana-kyc-1354473297.ap-south-1.elb.amazonaws.com|bank-pulse.mypaytm.com|*.bank-pulse.mypaytm.com|172.24.3.47|bank-super-recon-panel.paytmbank.com|*.bank-super-recon-panel.paytmbank.com|bank-super-recon.paytmbank.com|*.bank-super-recon.paytmbank.com|dashboard-ite.paytmbank.com|*.dashboard-ite.paytmbank.com|vjvpn.paytmbank.com|*.vjvpn.paytmbank.com|kyc-staging-panel.paytmbank.com|*.kyc-staging-panel.paytmbank.com|mudcsmtrp01.paytm-pb.net|*.mudcsmtrp01.paytm-pb.net|ds2-ranger.paytmbank.com|*.ds2-ranger.paytmbank.com|192.168.62.160/DNWebUI/ng.do#|*.192.168.62.160/DNWebUI/ng.do#|lms-ite.paytmbank.com|*.lms-ite.paytmbank.com|ds2-azkaban-dehleez.paytmbank.com|*.ds2-azkaban-dehleez.paytmbank.com|eis-ite2.paytmbank.com|*.eis-ite2.paytmbank.com|product-origin-ite.paytmbank.com|*.product-origin-ite.paytmbank.com|bms-ite.paytmbank.com|*.bms-ite.paytmbank.com|mwdashboard.paytmbank.com|*.mwdashboard.paytmbank.com|upiredash-staging.paytmbank.com|*.upiredash-staging.paytmbank.com|ibmmq-service-ite.paytmbank.com|*.ibmmq-service-ite.paytmbank.com|dakia-ite-origin.paytmbank.com|*.dakia-ite-origin.paytmbank.com|productpref-origin-ite.paytmbank.com|*.productpref-origin-ite.paytmbank.com|eis-ite.paytmbank.com|*.eis-ite.paytmbank.com|deeppurple-ite.paytmbank.com|*.deeppurple-ite.paytmbank.com|secure-origin-preprod.paytmbank.com|*.secure-origin-preprod.paytmbank.com|secure-origin-staging.paytmbank.com|*.secure-origin-staging.paytmbank.com|secure-origin-ite.paytmbank.com|*.secure-origin-ite.paytmbank.com|transactionopsgateway-ite-origin.paytmbank.com|*.transactionopsgateway-ite-origin.paytmbank.com|transactionopsgateway-preprod-origin.paytmbank.com|*.transactionopsgateway-preprod-origin.paytmbank.com|transactionopsgateway-staging-origin.paytmbank.com|*.transactionopsgateway-staging-origin.paytmbank.com|product-preprod.paytmbank.com |*.product-preprod.paytmbank.com |productpref-origin-preprod.paytmbank.com|*.productpref-origin-preprod.paytmbank.com|dakia-preprod.paytmbank.com|*.dakia-preprod.paytmbank.com|dakiascheduler-preprod.paytmbank.com|*.dakiascheduler-preprod.paytmbank.com|veneer-preprod.paytmbank.com|*.veneer-preprod.paytmbank.com|cheque-preprod-origin.paytmbank.com|*.cheque-preprod-origin.paytmbank.com|oauth-origin-preprod.paytmbank.com|*.oauth-origin-preprod.paytmbank.com|otp-otpservice-preprod.paytmbank.com|*.otp-otpservice-preprod.paytmbank.com|challenge-preprod.paytmbank.com|*.challenge-preprod.paytmbank.com|notification-preprod.paytmbank.com|*.notification-preprod.paytmbank.com|downloads-ite.paytmbank.com|*.downloads-ite.paytmbank.com|ibmmq-service-pt.paytmbank.com|*.ibmmq-service-pt.paytmbank.com|haproxy-ingress.github.io|*.haproxy-ingress.github.io|invest-ite-origin.paytmbank.com|*.invest-ite-origin.paytmbank.com|polynote01.internal.prod-ppbl.osmose.paytmlabs.com|*.polynote01.internal.prod-ppbl.osmose.paytmlabs.com|ml-test-01.internal.prod-ppbl.osmose.paytmlabs.com|*.ml-test-01.internal.prod-ppbl.osmose.paytmlabs.com|gpu01.internal.prod-ppbl.osmose.paytmlabs.com|*.gpu01.internal.prod-ppbl.osmose.paytmlabs.com|maquette.prod-sa1.inner-route.com|*.maquette.prod-sa1.inner-route.com|emr-master01.internal.prod-ppbl.osmose.paytmlabs.com|*.emr-master01.internal.prod-ppbl.osmose.paytmlabs.com|azkaban.internal.prod-ppbl.osmose.paytmlabs.com|*.azkaban.internal.prod-ppbl.osmose.paytmlabs.com|transactionopsgateway-ite.paytmbank.com|*.transactionopsgateway-ite.paytmbank.com|fastag-redash.paytmbank.com|*.fastag-redash.paytmbank.com|deeppurple.paytmbank.com|*.deeppurple.paytmbank.com|aeps-mock-staging.paytmbank.com|*.aeps-mock-staging.paytmbank.com|aeps-switch-staging2.paytmbank.com|*.aeps-switch-staging2.paytmbank.com|aeps-issuer-staging.paytmbank.com|*.aeps-issuer-staging.paytmbank.com|aeps-acquirer-staging.paytmbank.com|*.aeps-acquirer-staging.paytmbank.com|aeps-recon-staging.paytmbank.com|*.aeps-recon-staging.paytmbank.com|202.143.99.177|paytmpb.io|*.paytmpb.io|kyc-dev-panel.paytmbank.com|*.kyc-dev-panel.paytmbank.com|172.60.5.139|maquette-ldap.paytmbank.inner-route.com|*.maquette-ldap.paytmbank.inner-route.com|172.24.33.51|172.60.5.174|172.60.5.187|azkabannode-dataset-prod-1.paytm-pb.net|*.azkabannode-dataset-prod-1.paytm-pb.net|artifactory.mypaytm.com|*.artifactory.mypaytm.com|teams.microsoft.com|*.teams.microsoft.com|1.7.216.195|182.18.155.26|netbanking-internal-dc.paytmbank.com|*.netbanking-internal-dc.paytmbank.com|emr-master02.internal.prod-ppbl.osmose.paytmlabs.com|*.emr-master02.internal.prod-ppbl.osmose.paytmlabs.com|kibana.prod-sa1.osmose.paytmlabs.com|*.kibana.prod-sa1.osmose.paytmlabs.com|maquette-audit.paytmbank.inner-route.com|*.maquette-audit.paytmbank.inner-route.com|shiksha-ite.com|*.shiksha-ite.com|deeppurple-ite.com|*.deeppurple-ite.com|mw-amc.paytmbank.com|*.mw-amc.paytmbank.com|maquette.paytmbank.inner-route.com|*.maquette.paytmbank.inner-route.com|maquette.stg-sa1.inner-route.com|*.maquette.stg-sa1.inner-route.com|maquette-admin.stg-sa1.inner-route.com|*.maquette-admin.stg-sa1.inner-route.com|maquette-admin-ldap.paytmbank.inner-route.com|*.maquette-admin-ldap.paytmbank.inner-route.com|maquette-admin.paytmbank.inner-route.com|*.maquette-admin.paytmbank.inner-route.com|bankapp-internal-dc.paytmbank.com|*.bankapp-internal-dc.paytmbank.com"/>
    <property name="surefire.test.class.path" value="/Users/abhayam.rastogi/BE Projects/paytm-milestones/target/test-classes:/Users/abhayam.rastogi/BE Projects/paytm-milestones/target/classes:/Users/abhayam.rastogi/.m2/repository/org/springframework/boot/spring-boot-starter-data-jpa/2.5.2/spring-boot-starter-data-jpa-2.5.2.jar:/Users/abhayam.rastogi/.m2/repository/org/springframework/boot/spring-boot-starter-aop/2.5.2/spring-boot-starter-aop-2.5.2.jar:/Users/abhayam.rastogi/.m2/repository/org/springframework/spring-aop/5.3.8/spring-aop-5.3.8.jar:/Users/abhayam.rastogi/.m2/repository/org/aspectj/aspectjweaver/1.9.6/aspectjweaver-1.9.6.jar:/Users/abhayam.rastogi/.m2/repository/org/springframework/boot/spring-boot-starter-jdbc/2.5.2/spring-boot-starter-jdbc-2.5.2.jar:/Users/abhayam.rastogi/.m2/repository/com/zaxxer/HikariCP/4.0.3/HikariCP-4.0.3.jar:/Users/abhayam.rastogi/.m2/repository/org/springframework/spring-jdbc/5.3.8/spring-jdbc-5.3.8.jar:/Users/abhayam.rastogi/.m2/repository/jakarta/transaction/jakarta.transaction-api/1.3.3/jakarta.transaction-api-1.3.3.jar:/Users/abhayam.rastogi/.m2/repository/jakarta/persistence/jakarta.persistence-api/2.2.3/jakarta.persistence-api-2.2.3.jar:/Users/abhayam.rastogi/.m2/repository/org/hibernate/hibernate-core/5.4.32.Final/hibernate-core-5.4.32.Final.jar:/Users/abhayam.rastogi/.m2/repository/org/jboss/logging/jboss-logging/3.4.2.Final/jboss-logging-3.4.2.Final.jar:/Users/abhayam.rastogi/.m2/repository/org/javassist/javassist/3.27.0-GA/javassist-3.27.0-GA.jar:/Users/abhayam.rastogi/.m2/repository/net/bytebuddy/byte-buddy/1.10.22/byte-buddy-1.10.22.jar:/Users/abhayam.rastogi/.m2/repository/antlr/antlr/2.7.7/antlr-2.7.7.jar:/Users/abhayam.rastogi/.m2/repository/org/jboss/jandex/2.2.3.Final/jandex-2.2.3.Final.jar:/Users/abhayam.rastogi/.m2/repository/com/fasterxml/classmate/1.5.1/classmate-1.5.1.jar:/Users/abhayam.rastogi/.m2/repository/org/dom4j/dom4j/2.1.3/dom4j-2.1.3.jar:/Users/abhayam.rastogi/.m2/repository/org/hibernate/common/hibernate-commons-annotations/5.1.2.Final/hibernate-commons-annotations-5.1.2.Final.jar:/Users/abhayam.rastogi/.m2/repository/org/glassfish/jaxb/jaxb-runtime/2.3.4/jaxb-runtime-2.3.4.jar:/Users/abhayam.rastogi/.m2/repository/org/glassfish/jaxb/txw2/2.3.4/txw2-2.3.4.jar:/Users/abhayam.rastogi/.m2/repository/com/sun/istack/istack-commons-runtime/3.0.12/istack-commons-runtime-3.0.12.jar:/Users/abhayam.rastogi/.m2/repository/com/sun/activation/jakarta.activation/1.2.2/jakarta.activation-1.2.2.jar:/Users/abhayam.rastogi/.m2/repository/org/springframework/data/spring-data-jpa/2.5.2/spring-data-jpa-2.5.2.jar:/Users/abhayam.rastogi/.m2/repository/org/springframework/data/spring-data-commons/2.5.2/spring-data-commons-2.5.2.jar:/Users/abhayam.rastogi/.m2/repository/org/springframework/spring-orm/5.3.8/spring-orm-5.3.8.jar:/Users/abhayam.rastogi/.m2/repository/org/springframework/spring-beans/5.3.8/spring-beans-5.3.8.jar:/Users/abhayam.rastogi/.m2/repository/org/springframework/spring-aspects/5.3.8/spring-aspects-5.3.8.jar:/Users/abhayam.rastogi/.m2/repository/org/springframework/boot/spring-boot-starter-web/2.5.2/spring-boot-starter-web-2.5.2.jar:/Users/abhayam.rastogi/.m2/repository/org/springframework/boot/spring-boot-starter/2.5.2/spring-boot-starter-2.5.2.jar:/Users/abhayam.rastogi/.m2/repository/org/springframework/boot/spring-boot/2.5.2/spring-boot-2.5.2.jar:/Users/abhayam.rastogi/.m2/repository/org/springframework/boot/spring-boot-autoconfigure/2.5.2/spring-boot-autoconfigure-2.5.2.jar:/Users/abhayam.rastogi/.m2/repository/org/springframework/boot/spring-boot-starter-logging/2.5.2/spring-boot-starter-logging-2.5.2.jar:/Users/abhayam.rastogi/.m2/repository/ch/qos/logback/logback-classic/1.2.3/logback-classic-1.2.3.jar:/Users/abhayam.rastogi/.m2/repository/ch/qos/logback/logback-core/1.2.3/logback-core-1.2.3.jar:/Users/abhayam.rastogi/.m2/repository/org/apache/logging/log4j/log4j-to-slf4j/2.14.1/log4j-to-slf4j-2.14.1.jar:/Users/abhayam.rastogi/.m2/repository/org/apache/logging/log4j/log4j-api/2.14.1/log4j-api-2.14.1.jar:/Users/abhayam.rastogi/.m2/repository/org/slf4j/jul-to-slf4j/1.7.31/jul-to-slf4j-1.7.31.jar:/Users/abhayam.rastogi/.m2/repository/jakarta/annotation/jakarta.annotation-api/1.3.5/jakarta.annotation-api-1.3.5.jar:/Users/abhayam.rastogi/.m2/repository/org/yaml/snakeyaml/1.28/snakeyaml-1.28.jar:/Users/abhayam.rastogi/.m2/repository/org/springframework/boot/spring-boot-starter-json/2.5.2/spring-boot-starter-json-2.5.2.jar:/Users/abhayam.rastogi/.m2/repository/com/fasterxml/jackson/datatype/jackson-datatype-jdk8/2.12.3/jackson-datatype-jdk8-2.12.3.jar:/Users/abhayam.rastogi/.m2/repository/com/fasterxml/jackson/datatype/jackson-datatype-jsr310/2.12.3/jackson-datatype-jsr310-2.12.3.jar:/Users/abhayam.rastogi/.m2/repository/com/fasterxml/jackson/module/jackson-module-parameter-names/2.12.3/jackson-module-parameter-names-2.12.3.jar:/Users/abhayam.rastogi/.m2/repository/org/springframework/boot/spring-boot-starter-tomcat/2.5.2/spring-boot-starter-tomcat-2.5.2.jar:/Users/abhayam.rastogi/.m2/repository/org/apache/tomcat/embed/tomcat-embed-core/9.0.48/tomcat-embed-core-9.0.48.jar:/Users/abhayam.rastogi/.m2/repository/org/apache/tomcat/embed/tomcat-embed-el/9.0.48/tomcat-embed-el-9.0.48.jar:/Users/abhayam.rastogi/.m2/repository/org/apache/tomcat/embed/tomcat-embed-websocket/9.0.48/tomcat-embed-websocket-9.0.48.jar:/Users/abhayam.rastogi/.m2/repository/org/springframework/spring-web/5.3.8/spring-web-5.3.8.jar:/Users/abhayam.rastogi/.m2/repository/org/springframework/spring-webmvc/5.3.8/spring-webmvc-5.3.8.jar:/Users/abhayam.rastogi/.m2/repository/org/springframework/spring-expression/5.3.8/spring-expression-5.3.8.jar:/Users/abhayam.rastogi/.m2/repository/org/apache/kafka/kafka-streams/2.7.1/kafka-streams-2.7.1.jar:/Users/abhayam.rastogi/.m2/repository/org/apache/kafka/kafka-clients/2.7.1/kafka-clients-2.7.1.jar:/Users/abhayam.rastogi/.m2/repository/com/github/luben/zstd-jni/1.4.5-6/zstd-jni-1.4.5-6.jar:/Users/abhayam.rastogi/.m2/repository/org/lz4/lz4-java/1.7.1/lz4-java-1.7.1.jar:/Users/abhayam.rastogi/.m2/repository/org/xerial/snappy/snappy-java/1.1.7.7/snappy-java-1.1.7.7.jar:/Users/abhayam.rastogi/.m2/repository/org/apache/kafka/connect-json/2.7.1/connect-json-2.7.1.jar:/Users/abhayam.rastogi/.m2/repository/org/apache/kafka/connect-api/2.7.1/connect-api-2.7.1.jar:/Users/abhayam.rastogi/.m2/repository/org/slf4j/slf4j-api/1.7.31/slf4j-api-1.7.31.jar:/Users/abhayam.rastogi/.m2/repository/org/rocksdb/rocksdbjni/5.18.4/rocksdbjni-5.18.4.jar:/Users/abhayam.rastogi/.m2/repository/org/springframework/kafka/spring-kafka/2.7.3/spring-kafka-2.7.3.jar:/Users/abhayam.rastogi/.m2/repository/org/springframework/spring-context/5.3.8/spring-context-5.3.8.jar:/Users/abhayam.rastogi/.m2/repository/org/springframework/spring-messaging/5.3.8/spring-messaging-5.3.8.jar:/Users/abhayam.rastogi/.m2/repository/org/springframework/spring-tx/5.3.8/spring-tx-5.3.8.jar:/Users/abhayam.rastogi/.m2/repository/org/springframework/retry/spring-retry/1.3.1/spring-retry-1.3.1.jar:/Users/abhayam.rastogi/.m2/repository/org/jetbrains/kotlin/kotlin-stdlib/1.5.20/kotlin-stdlib-1.5.20.jar:/Users/abhayam.rastogi/.m2/repository/org/jetbrains/annotations/13.0/annotations-13.0.jar:/Users/abhayam.rastogi/.m2/repository/org/jetbrains/kotlin/kotlin-stdlib-common/1.5.20/kotlin-stdlib-common-1.5.20.jar:/Users/abhayam.rastogi/.m2/repository/com/google/code/findbugs/jsr305/3.0.2/jsr305-3.0.2.jar:/Users/abhayam.rastogi/.m2/repository/mysql/mysql-connector-java/8.0.25/mysql-connector-java-8.0.25.jar:/Users/abhayam.rastogi/.m2/repository/org/springframework/boot/spring-boot-starter-test/2.5.2/spring-boot-starter-test-2.5.2.jar:/Users/abhayam.rastogi/.m2/repository/org/springframework/boot/spring-boot-test/2.5.2/spring-boot-test-2.5.2.jar:/Users/abhayam.rastogi/.m2/repository/org/springframework/boot/spring-boot-test-autoconfigure/2.5.2/spring-boot-test-autoconfigure-2.5.2.jar:/Users/abhayam.rastogi/.m2/repository/com/jayway/jsonpath/json-path/2.5.0/json-path-2.5.0.jar:/Users/abhayam.rastogi/.m2/repository/net/minidev/json-smart/2.4.7/json-smart-2.4.7.jar:/Users/abhayam.rastogi/.m2/repository/net/minidev/accessors-smart/2.4.7/accessors-smart-2.4.7.jar:/Users/abhayam.rastogi/.m2/repository/org/ow2/asm/asm/9.1/asm-9.1.jar:/Users/abhayam.rastogi/.m2/repository/jakarta/xml/bind/jakarta.xml.bind-api/2.3.3/jakarta.xml.bind-api-2.3.3.jar:/Users/abhayam.rastogi/.m2/repository/jakarta/activation/jakarta.activation-api/1.2.2/jakarta.activation-api-1.2.2.jar:/Users/abhayam.rastogi/.m2/repository/org/assertj/assertj-core/3.19.0/assertj-core-3.19.0.jar:/Users/abhayam.rastogi/.m2/repository/org/hamcrest/hamcrest/2.2/hamcrest-2.2.jar:/Users/abhayam.rastogi/.m2/repository/org/junit/jupiter/junit-jupiter/5.7.2/junit-jupiter-5.7.2.jar:/Users/abhayam.rastogi/.m2/repository/org/junit/jupiter/junit-jupiter-params/5.7.2/junit-jupiter-params-5.7.2.jar:/Users/abhayam.rastogi/.m2/repository/org/junit/jupiter/junit-jupiter-engine/5.7.2/junit-jupiter-engine-5.7.2.jar:/Users/abhayam.rastogi/.m2/repository/org/junit/platform/junit-platform-engine/1.7.2/junit-platform-engine-1.7.2.jar:/Users/abhayam.rastogi/.m2/repository/org/mockito/mockito-core/3.9.0/mockito-core-3.9.0.jar:/Users/abhayam.rastogi/.m2/repository/net/bytebuddy/byte-buddy-agent/1.10.22/byte-buddy-agent-1.10.22.jar:/Users/abhayam.rastogi/.m2/repository/org/objenesis/objenesis/3.2/objenesis-3.2.jar:/Users/abhayam.rastogi/.m2/repository/org/mockito/mockito-junit-jupiter/3.9.0/mockito-junit-jupiter-3.9.0.jar:/Users/abhayam.rastogi/.m2/repository/org/skyscreamer/jsonassert/1.5.0/jsonassert-1.5.0.jar:/Users/abhayam.rastogi/.m2/repository/com/vaadin/external/google/android-json/0.0.20131108.vaadin1/android-json-0.0.20131108.vaadin1.jar:/Users/abhayam.rastogi/.m2/repository/org/springframework/spring-core/5.3.8/spring-core-5.3.8.jar:/Users/abhayam.rastogi/.m2/repository/org/springframework/spring-jcl/5.3.8/spring-jcl-5.3.8.jar:/Users/abhayam.rastogi/.m2/repository/org/springframework/spring-test/5.3.8/spring-test-5.3.8.jar:/Users/abhayam.rastogi/.m2/repository/org/xmlunit/xmlunit-core/2.8.2/xmlunit-core-2.8.2.jar:/Users/abhayam.rastogi/.m2/repository/org/springframework/kafka/spring-kafka-test/2.7.3/spring-kafka-test-2.7.3.jar:/Users/abhayam.rastogi/.m2/repository/org/apache/kafka/kafka-clients/2.7.1/kafka-clients-2.7.1-test.jar:/Users/abhayam.rastogi/.m2/repository/org/apache/kafka/kafka-streams-test-utils/2.7.1/kafka-streams-test-utils-2.7.1.jar:/Users/abhayam.rastogi/.m2/repository/org/apache/kafka/kafka_2.13/2.7.1/kafka_2.13-2.7.1.jar:/Users/abhayam.rastogi/.m2/repository/org/apache/kafka/kafka-raft/2.7.1/kafka-raft-2.7.1.jar:/Users/abhayam.rastogi/.m2/repository/com/fasterxml/jackson/module/jackson-module-scala_2.13/2.12.3/jackson-module-scala_2.13-2.12.3.jar:/Users/abhayam.rastogi/.m2/repository/com/thoughtworks/paranamer/paranamer/2.8/paranamer-2.8.jar:/Users/abhayam.rastogi/.m2/repository/com/fasterxml/jackson/dataformat/jackson-dataformat-csv/2.12.3/jackson-dataformat-csv-2.12.3.jar:/Users/abhayam.rastogi/.m2/repository/net/sf/jopt-simple/jopt-simple/5.0.4/jopt-simple-5.0.4.jar:/Users/abhayam.rastogi/.m2/repository/com/yammer/metrics/metrics-core/2.2.0/metrics-core-2.2.0.jar:/Users/abhayam.rastogi/.m2/repository/org/scala-lang/modules/scala-collection-compat_2.13/2.2.0/scala-collection-compat_2.13-2.2.0.jar:/Users/abhayam.rastogi/.m2/repository/org/scala-lang/modules/scala-java8-compat_2.13/0.9.1/scala-java8-compat_2.13-0.9.1.jar:/Users/abhayam.rastogi/.m2/repository/org/scala-lang/scala-library/2.13.3/scala-library-2.13.3.jar:/Users/abhayam.rastogi/.m2/repository/org/scala-lang/scala-reflect/2.13.3/scala-reflect-2.13.3.jar:/Users/abhayam.rastogi/.m2/repository/com/typesafe/scala-logging/scala-logging_2.13/3.9.2/scala-logging_2.13-3.9.2.jar:/Users/abhayam.rastogi/.m2/repository/org/apache/zookeeper/zookeeper/3.5.9/zookeeper-3.5.9.jar:/Users/abhayam.rastogi/.m2/repository/org/apache/zookeeper/zookeeper-jute/3.5.9/zookeeper-jute-3.5.9.jar:/Users/abhayam.rastogi/.m2/repository/org/apache/yetus/audience-annotations/0.5.0/audience-annotations-0.5.0.jar:/Users/abhayam.rastogi/.m2/repository/io/netty/netty-handler/4.1.65.Final/netty-handler-4.1.65.Final.jar:/Users/abhayam.rastogi/.m2/repository/io/netty/netty-common/4.1.65.Final/netty-common-4.1.65.Final.jar:/Users/abhayam.rastogi/.m2/repository/io/netty/netty-resolver/4.1.65.Final/netty-resolver-4.1.65.Final.jar:/Users/abhayam.rastogi/.m2/repository/io/netty/netty-buffer/4.1.65.Final/netty-buffer-4.1.65.Final.jar:/Users/abhayam.rastogi/.m2/repository/io/netty/netty-transport/4.1.65.Final/netty-transport-4.1.65.Final.jar:/Users/abhayam.rastogi/.m2/repository/io/netty/netty-codec/4.1.65.Final/netty-codec-4.1.65.Final.jar:/Users/abhayam.rastogi/.m2/repository/io/netty/netty-transport-native-epoll/4.1.65.Final/netty-transport-native-epoll-4.1.65.Final.jar:/Users/abhayam.rastogi/.m2/repository/io/netty/netty-transport-native-unix-common/4.1.65.Final/netty-transport-native-unix-common-4.1.65.Final.jar:/Users/abhayam.rastogi/.m2/repository/commons-cli/commons-cli/1.4/commons-cli-1.4.jar:/Users/abhayam.rastogi/.m2/repository/org/apache/kafka/kafka_2.13/2.7.1/kafka_2.13-2.7.1-test.jar:/Users/abhayam.rastogi/.m2/repository/org/junit/jupiter/junit-jupiter-api/5.7.2/junit-jupiter-api-5.7.2.jar:/Users/abhayam.rastogi/.m2/repository/org/apiguardian/apiguardian-api/1.1.0/apiguardian-api-1.1.0.jar:/Users/abhayam.rastogi/.m2/repository/org/opentest4j/opentest4j/1.2.0/opentest4j-1.2.0.jar:/Users/abhayam.rastogi/.m2/repository/org/junit/platform/junit-platform-commons/1.7.2/junit-platform-commons-1.7.2.jar:/Users/abhayam.rastogi/.m2/repository/com/fasterxml/jackson/core/jackson-databind/2.11.4/jackson-databind-2.11.4.jar:/Users/abhayam.rastogi/.m2/repository/com/fasterxml/jackson/core/jackson-annotations/2.12.3/jackson-annotations-2.12.3.jar:/Users/abhayam.rastogi/.m2/repository/com/fasterxml/jackson/core/jackson-core/2.12.3/jackson-core-2.12.3.jar:"/>
    <property name="sun.cpu.endian" value="little"/>
    <property name="user.home" value="/Users/abhayam.rastogi"/>
    <property name="user.language" value="en"/>
    <property name="java.specification.vendor" value="Oracle Corporation"/>
    <property name="java.home" value="/Library/Java/JavaVirtualMachines/jdk1.8.0_231.jdk/Contents/Home/jre"/>
    <property name="basedir" value="/Users/abhayam.rastogi/BE Projects/paytm-milestones"/>
    <property name="https.proxyHost" value="proxy.paytmbankproxy.net"/>
    <property name="file.separator" value="/"/>
    <property name="line.separator" value="&#10;"/>
    <property name="java.vm.specification.vendor" value="Oracle Corporation"/>
    <property name="java.specification.name" value="Java Platform API Specification"/>
    <property name="java.awt.graphicsenv" value="sun.awt.CGraphicsEnvironment"/>
    <property name="surefire.real.class.path" value="/Users/abhayam.rastogi/BE Projects/paytm-milestones/target/surefire/surefirebooter2329220836123902331.jar"/>
    <property name="sun.boot.class.path" value="/Library/Java/JavaVirtualMachines/jdk1.8.0_231.jdk/Contents/Home/jre/lib/resources.jar:/Library/Java/JavaVirtualMachines/jdk1.8.0_231.jdk/Contents/Home/jre/lib/rt.jar:/Library/Java/JavaVirtualMachines/jdk1.8.0_231.jdk/Contents/Home/jre/lib/sunrsasign.jar:/Library/Java/JavaVirtualMachines/jdk1.8.0_231.jdk/Contents/Home/jre/lib/jsse.jar:/Library/Java/JavaVirtualMachines/jdk1.8.0_231.jdk/Contents/Home/jre/lib/jce.jar:/Library/Java/JavaVirtualMachines/jdk1.8.0_231.jdk/Contents/Home/jre/lib/charsets.jar:/Library/Java/JavaVirtualMachines/jdk1.8.0_231.jdk/Contents/Home/jre/lib/jfr.jar:/Library/Java/JavaVirtualMachines/jdk1.8.0_231.jdk/Contents/Home/jre/classes"/>
    <property name="sun.management.compiler" value="HotSpot 64-Bit Tiered Compilers"/>
    <property name="ftp.nonProxyHosts" value="paytmbank.net|*.paytmbank.net|103.14.162.34|115.110.141.122|203.122.59.34|203.122.59.38|103.14.161.34|203.122.38.200|paytmpaymentsbank.com|*.paytmpaymentsbank.com|202.143.99.187|125.19.44.94|125.63.68.126|onelogin.paytmbank.com|*.onelogin.paytmbank.com|ds2-hue.paytmbank.com|*.ds2-hue.paytmbank.com|ds2-dehleez.paytmbank.com|*.ds2-dehleez.paytmbank.com|ganges-mumbai-1.paytmlabs.com|*.ganges-mumbai-1.paytmlabs.com|cst-sop.paytmbank.com|*.cst-sop.paytmbank.com|mdr-in.paladion.net|*.mdr-in.paladion.net|cheque-ctsuat.paytmbank.com|*.cheque-ctsuat.paytmbank.com|uatweb.paytm-pb.net|*.uatweb.paytm-pb.net|dcvpn.paytmbank.com|*.dcvpn.paytmbank.com|owa.paytmbank.com|*.owa.paytmbank.com|ds2-hue.paytmlabs.com|*.ds2-hue.paytmlabs.com|192.168.188.59|android-ci01.mypaytm.com|*.android-ci01.mypaytm.com|maquette-sa1-stg.inner-route.com|*.maquette-sa1-stg.inner-route.com|maquette-sa1-prod.inner-route.com|*.maquette-sa1-prod.inner-route.com|local.paytm.com|*.local.paytm.com|local.paytmbank.com|*.local.paytmbank.com|ds2-ambari.paytmbank.com|*.ds2-ambari.paytmbank.com|ds2-resourcemanager.paytmbank.com|*.ds2-resourcemanager.paytmbank.com|ds2-azkaban.paytmbank.com|*.ds2-azkaban.paytmbank.com|ds2-dataset.paytmbank.com|*.ds2-dataset.paytmbank.com|dwh-jenkins.paytmbank.com|*.dwh-jenkins.paytmbank.com|dashboard-ite2.paytmbank.com|*.dashboard-ite2.paytmbank.com|ds2-azkaban-staging.paytmbank.com|*.ds2-azkaban-staging.paytmbank.com|cheque-cts.paytmbank.com|*.cheque-cts.paytmbank.com|203.145.172.180|kyc-kubedashboard-staging.paytmbank.com|*.kyc-kubedashboard-staging.paytmbank.com|bitbucket.org|*.bitbucket.org|dwh-ambari-staging.paytmbank.com|*.dwh-ambari-staging.paytmbank.com|uapworkflow-engine-ite.paytmbank.com|*.uapworkflow-engine-ite.paytmbank.com|maven.fabric.io/public|*.maven.fabric.io/public|midgar.bintray.com/Pai|*.midgar.bintray.com/Pai|internal-kibana-kyc-1354473297.ap-south-1.elb.amazonaws.com|*.internal-kibana-kyc-1354473297.ap-south-1.elb.amazonaws.com|bank-pulse.mypaytm.com|*.bank-pulse.mypaytm.com|172.24.3.47|bank-super-recon-panel.paytmbank.com|*.bank-super-recon-panel.paytmbank.com|bank-super-recon.paytmbank.com|*.bank-super-recon.paytmbank.com|dashboard-ite.paytmbank.com|*.dashboard-ite.paytmbank.com|vjvpn.paytmbank.com|*.vjvpn.paytmbank.com|kyc-staging-panel.paytmbank.com|*.kyc-staging-panel.paytmbank.com|mudcsmtrp01.paytm-pb.net|*.mudcsmtrp01.paytm-pb.net|ds2-ranger.paytmbank.com|*.ds2-ranger.paytmbank.com|192.168.62.160/DNWebUI/ng.do#|*.192.168.62.160/DNWebUI/ng.do#|lms-ite.paytmbank.com|*.lms-ite.paytmbank.com|ds2-azkaban-dehleez.paytmbank.com|*.ds2-azkaban-dehleez.paytmbank.com|eis-ite2.paytmbank.com|*.eis-ite2.paytmbank.com|product-origin-ite.paytmbank.com|*.product-origin-ite.paytmbank.com|bms-ite.paytmbank.com|*.bms-ite.paytmbank.com|mwdashboard.paytmbank.com|*.mwdashboard.paytmbank.com|upiredash-staging.paytmbank.com|*.upiredash-staging.paytmbank.com|ibmmq-service-ite.paytmbank.com|*.ibmmq-service-ite.paytmbank.com|dakia-ite-origin.paytmbank.com|*.dakia-ite-origin.paytmbank.com|productpref-origin-ite.paytmbank.com|*.productpref-origin-ite.paytmbank.com|eis-ite.paytmbank.com|*.eis-ite.paytmbank.com|deeppurple-ite.paytmbank.com|*.deeppurple-ite.paytmbank.com|secure-origin-preprod.paytmbank.com|*.secure-origin-preprod.paytmbank.com|secure-origin-staging.paytmbank.com|*.secure-origin-staging.paytmbank.com|secure-origin-ite.paytmbank.com|*.secure-origin-ite.paytmbank.com|transactionopsgateway-ite-origin.paytmbank.com|*.transactionopsgateway-ite-origin.paytmbank.com|transactionopsgateway-preprod-origin.paytmbank.com|*.transactionopsgateway-preprod-origin.paytmbank.com|transactionopsgateway-staging-origin.paytmbank.com|*.transactionopsgateway-staging-origin.paytmbank.com|product-preprod.paytmbank.com |*.product-preprod.paytmbank.com |productpref-origin-preprod.paytmbank.com|*.productpref-origin-preprod.paytmbank.com|dakia-preprod.paytmbank.com|*.dakia-preprod.paytmbank.com|dakiascheduler-preprod.paytmbank.com|*.dakiascheduler-preprod.paytmbank.com|veneer-preprod.paytmbank.com|*.veneer-preprod.paytmbank.com|cheque-preprod-origin.paytmbank.com|*.cheque-preprod-origin.paytmbank.com|oauth-origin-preprod.paytmbank.com|*.oauth-origin-preprod.paytmbank.com|otp-otpservice-preprod.paytmbank.com|*.otp-otpservice-preprod.paytmbank.com|challenge-preprod.paytmbank.com|*.challenge-preprod.paytmbank.com|notification-preprod.paytmbank.com|*.notification-preprod.paytmbank.com|downloads-ite.paytmbank.com|*.downloads-ite.paytmbank.com|ibmmq-service-pt.paytmbank.com|*.ibmmq-service-pt.paytmbank.com|haproxy-ingress.github.io|*.haproxy-ingress.github.io|invest-ite-origin.paytmbank.com|*.invest-ite-origin.paytmbank.com|polynote01.internal.prod-ppbl.osmose.paytmlabs.com|*.polynote01.internal.prod-ppbl.osmose.paytmlabs.com|ml-test-01.internal.prod-ppbl.osmose.paytmlabs.com|*.ml-test-01.internal.prod-ppbl.osmose.paytmlabs.com|gpu01.internal.prod-ppbl.osmose.paytmlabs.com|*.gpu01.internal.prod-ppbl.osmose.paytmlabs.com|maquette.prod-sa1.inner-route.com|*.maquette.prod-sa1.inner-route.com|emr-master01.internal.prod-ppbl.osmose.paytmlabs.com|*.emr-master01.internal.prod-ppbl.osmose.paytmlabs.com|azkaban.internal.prod-ppbl.osmose.paytmlabs.com|*.azkaban.internal.prod-ppbl.osmose.paytmlabs.com|transactionopsgateway-ite.paytmbank.com|*.transactionopsgateway-ite.paytmbank.com|fastag-redash.paytmbank.com|*.fastag-redash.paytmbank.com|deeppurple.paytmbank.com|*.deeppurple.paytmbank.com|aeps-mock-staging.paytmbank.com|*.aeps-mock-staging.paytmbank.com|aeps-switch-staging2.paytmbank.com|*.aeps-switch-staging2.paytmbank.com|aeps-issuer-staging.paytmbank.com|*.aeps-issuer-staging.paytmbank.com|aeps-acquirer-staging.paytmbank.com|*.aeps-acquirer-staging.paytmbank.com|aeps-recon-staging.paytmbank.com|*.aeps-recon-staging.paytmbank.com|202.143.99.177|paytmpb.io|*.paytmpb.io|kyc-dev-panel.paytmbank.com|*.kyc-dev-panel.paytmbank.com|172.60.5.139|maquette-ldap.paytmbank.inner-route.com|*.maquette-ldap.paytmbank.inner-route.com|172.24.33.51|172.60.5.174|172.60.5.187|azkabannode-dataset-prod-1.paytm-pb.net|*.azkabannode-dataset-prod-1.paytm-pb.net|artifactory.mypaytm.com|*.artifactory.mypaytm.com|teams.microsoft.com|*.teams.microsoft.com|1.7.216.195|182.18.155.26|netbanking-internal-dc.paytmbank.com|*.netbanking-internal-dc.paytmbank.com|emr-master02.internal.prod-ppbl.osmose.paytmlabs.com|*.emr-master02.internal.prod-ppbl.osmose.paytmlabs.com|kibana.prod-sa1.osmose.paytmlabs.com|*.kibana.prod-sa1.osmose.paytmlabs.com|maquette-audit.paytmbank.inner-route.com|*.maquette-audit.paytmbank.inner-route.com|shiksha-ite.com|*.shiksha-ite.com|deeppurple-ite.com|*.deeppurple-ite.com|mw-amc.paytmbank.com|*.mw-amc.paytmbank.com|maquette.paytmbank.inner-route.com|*.maquette.paytmbank.inner-route.com|maquette.stg-sa1.inner-route.com|*.maquette.stg-sa1.inner-route.com|maquette-admin.stg-sa1.inner-route.com|*.maquette-admin.stg-sa1.inner-route.com|maquette-admin-ldap.paytmbank.inner-route.com|*.maquette-admin-ldap.paytmbank.inner-route.com|maquette-admin.paytmbank.inner-route.com|*.maquette-admin.paytmbank.inner-route.com|bankapp-internal-dc.paytmbank.com|*.bankapp-internal-dc.paytmbank.com"/>
    <property name="java.runtime.version" value="1.8.0_231-b11"/>
    <property name="user.name" value="abhayam.rastogi"/>
    <property name="path.separator" value=":"/>
    <property name="os.version" value="10.15.7"/>
    <property name="java.endorsed.dirs" value="/Library/Java/JavaVirtualMachines/jdk1.8.0_231.jdk/Contents/Home/jre/lib/endorsed"/>
    <property name="java.runtime.name" value="Java(TM) SE Runtime Environment"/>
    <property name="file.encoding" value="UTF-8"/>
    <property name="java.vm.name" value="Java HotSpot(TM) 64-Bit Server VM"/>
    <property name="localRepository" value="/Users/abhayam.rastogi/.m2/repository"/>
    <property name="java.vendor.url.bug" value="http://bugreport.sun.com/bugreport/"/>
    <property name="java.io.tmpdir" value="/var/folders/s5/53ddvfbx3fj7l2hf7tdn7v_c0000gp/T/"/>
    <property name="java.version" value="1.8.0_231"/>
    <property name="user.dir" value="/Users/abhayam.rastogi/BE Projects/paytm-milestones"/>
    <property name="os.arch" value="x86_64"/>
    <property name="java.vm.specification.name" value="Java Virtual Machine Specification"/>
    <property name="java.awt.printerjob" value="sun.lwawt.macosx.CPrinterJob"/>
    <property name="sun.os.patch.level" value="unknown"/>
    <property name="java.library.path" value="/Users/abhayam.rastogi/Library/Java/Extensions:/Library/Java/Extensions:/Network/Library/Java/Extensions:/System/Library/Java/Extensions:/usr/lib/java:."/>
    <property name="java.vm.info" value="mixed mode"/>
    <property name="java.vendor" value="Oracle Corporation"/>
    <property name="java.vm.version" value="25.231-b11"/>
    <property name="java.ext.dirs" value="/Users/abhayam.rastogi/Library/Java/Extensions:/Library/Java/JavaVirtualMachines/jdk1.8.0_231.jdk/Contents/Home/jre/lib/ext:/Library/Java/Extensions:/Network/Library/Java/Extensions:/System/Library/Java/Extensions:/usr/lib/java"/>
    <property name="sun.io.unicode.encoding" value="UnicodeBig"/>
    <property name="java.class.version" value="52.0"/>
    <property name="socksNonProxyHosts" value="paytmbank.net|*.paytmbank.net|103.14.162.34|115.110.141.122|203.122.59.34|203.122.59.38|103.14.161.34|203.122.38.200|paytmpaymentsbank.com|*.paytmpaymentsbank.com|202.143.99.187|125.19.44.94|125.63.68.126|onelogin.paytmbank.com|*.onelogin.paytmbank.com|ds2-hue.paytmbank.com|*.ds2-hue.paytmbank.com|ds2-dehleez.paytmbank.com|*.ds2-dehleez.paytmbank.com|ganges-mumbai-1.paytmlabs.com|*.ganges-mumbai-1.paytmlabs.com|cst-sop.paytmbank.com|*.cst-sop.paytmbank.com|mdr-in.paladion.net|*.mdr-in.paladion.net|cheque-ctsuat.paytmbank.com|*.cheque-ctsuat.paytmbank.com|uatweb.paytm-pb.net|*.uatweb.paytm-pb.net|dcvpn.paytmbank.com|*.dcvpn.paytmbank.com|owa.paytmbank.com|*.owa.paytmbank.com|ds2-hue.paytmlabs.com|*.ds2-hue.paytmlabs.com|192.168.188.59|android-ci01.mypaytm.com|*.android-ci01.mypaytm.com|maquette-sa1-stg.inner-route.com|*.maquette-sa1-stg.inner-route.com|maquette-sa1-prod.inner-route.com|*.maquette-sa1-prod.inner-route.com|local.paytm.com|*.local.paytm.com|local.paytmbank.com|*.local.paytmbank.com|ds2-ambari.paytmbank.com|*.ds2-ambari.paytmbank.com|ds2-resourcemanager.paytmbank.com|*.ds2-resourcemanager.paytmbank.com|ds2-azkaban.paytmbank.com|*.ds2-azkaban.paytmbank.com|ds2-dataset.paytmbank.com|*.ds2-dataset.paytmbank.com|dwh-jenkins.paytmbank.com|*.dwh-jenkins.paytmbank.com|dashboard-ite2.paytmbank.com|*.dashboard-ite2.paytmbank.com|ds2-azkaban-staging.paytmbank.com|*.ds2-azkaban-staging.paytmbank.com|cheque-cts.paytmbank.com|*.cheque-cts.paytmbank.com|203.145.172.180|kyc-kubedashboard-staging.paytmbank.com|*.kyc-kubedashboard-staging.paytmbank.com|bitbucket.org|*.bitbucket.org|dwh-ambari-staging.paytmbank.com|*.dwh-ambari-staging.paytmbank.com|uapworkflow-engine-ite.paytmbank.com|*.uapworkflow-engine-ite.paytmbank.com|maven.fabric.io/public|*.maven.fabric.io/public|midgar.bintray.com/Pai|*.midgar.bintray.com/Pai|internal-kibana-kyc-1354473297.ap-south-1.elb.amazonaws.com|*.internal-kibana-kyc-1354473297.ap-south-1.elb.amazonaws.com|bank-pulse.mypaytm.com|*.bank-pulse.mypaytm.com|172.24.3.47|bank-super-recon-panel.paytmbank.com|*.bank-super-recon-panel.paytmbank.com|bank-super-recon.paytmbank.com|*.bank-super-recon.paytmbank.com|dashboard-ite.paytmbank.com|*.dashboard-ite.paytmbank.com|vjvpn.paytmbank.com|*.vjvpn.paytmbank.com|kyc-staging-panel.paytmbank.com|*.kyc-staging-panel.paytmbank.com|mudcsmtrp01.paytm-pb.net|*.mudcsmtrp01.paytm-pb.net|ds2-ranger.paytmbank.com|*.ds2-ranger.paytmbank.com|192.168.62.160/DNWebUI/ng.do#|*.192.168.62.160/DNWebUI/ng.do#|lms-ite.paytmbank.com|*.lms-ite.paytmbank.com|ds2-azkaban-dehleez.paytmbank.com|*.ds2-azkaban-dehleez.paytmbank.com|eis-ite2.paytmbank.com|*.eis-ite2.paytmbank.com|product-origin-ite.paytmbank.com|*.product-origin-ite.paytmbank.com|bms-ite.paytmbank.com|*.bms-ite.paytmbank.com|mwdashboard.paytmbank.com|*.mwdashboard.paytmbank.com|upiredash-staging.paytmbank.com|*.upiredash-staging.paytmbank.com|ibmmq-service-ite.paytmbank.com|*.ibmmq-service-ite.paytmbank.com|dakia-ite-origin.paytmbank.com|*.dakia-ite-origin.paytmbank.com|productpref-origin-ite.paytmbank.com|*.productpref-origin-ite.paytmbank.com|eis-ite.paytmbank.com|*.eis-ite.paytmbank.com|deeppurple-ite.paytmbank.com|*.deeppurple-ite.paytmbank.com|secure-origin-preprod.paytmbank.com|*.secure-origin-preprod.paytmbank.com|secure-origin-staging.paytmbank.com|*.secure-origin-staging.paytmbank.com|secure-origin-ite.paytmbank.com|*.secure-origin-ite.paytmbank.com|transactionopsgateway-ite-origin.paytmbank.com|*.transactionopsgateway-ite-origin.paytmbank.com|transactionopsgateway-preprod-origin.paytmbank.com|*.transactionopsgateway-preprod-origin.paytmbank.com|transactionopsgateway-staging-origin.paytmbank.com|*.transactionopsgateway-staging-origin.paytmbank.com|product-preprod.paytmbank.com |*.product-preprod.paytmbank.com |productpref-origin-preprod.paytmbank.com|*.productpref-origin-preprod.paytmbank.com|dakia-preprod.paytmbank.com|*.dakia-preprod.paytmbank.com|dakiascheduler-preprod.paytmbank.com|*.dakiascheduler-preprod.paytmbank.com|veneer-preprod.paytmbank.com|*.veneer-preprod.paytmbank.com|cheque-preprod-origin.paytmbank.com|*.cheque-preprod-origin.paytmbank.com|oauth-origin-preprod.paytmbank.com|*.oauth-origin-preprod.paytmbank.com|otp-otpservice-preprod.paytmbank.com|*.otp-otpservice-preprod.paytmbank.com|challenge-preprod.paytmbank.com|*.challenge-preprod.paytmbank.com|notification-preprod.paytmbank.com|*.notification-preprod.paytmbank.com|downloads-ite.paytmbank.com|*.downloads-ite.paytmbank.com|ibmmq-service-pt.paytmbank.com|*.ibmmq-service-pt.paytmbank.com|haproxy-ingress.github.io|*.haproxy-ingress.github.io|invest-ite-origin.paytmbank.com|*.invest-ite-origin.paytmbank.com|polynote01.internal.prod-ppbl.osmose.paytmlabs.com|*.polynote01.internal.prod-ppbl.osmose.paytmlabs.com|ml-test-01.internal.prod-ppbl.osmose.paytmlabs.com|*.ml-test-01.internal.prod-ppbl.osmose.paytmlabs.com|gpu01.internal.prod-ppbl.osmose.paytmlabs.com|*.gpu01.internal.prod-ppbl.osmose.paytmlabs.com|maquette.prod-sa1.inner-route.com|*.maquette.prod-sa1.inner-route.com|emr-master01.internal.prod-ppbl.osmose.paytmlabs.com|*.emr-master01.internal.prod-ppbl.osmose.paytmlabs.com|azkaban.internal.prod-ppbl.osmose.paytmlabs.com|*.azkaban.internal.prod-ppbl.osmose.paytmlabs.com|transactionopsgateway-ite.paytmbank.com|*.transactionopsgateway-ite.paytmbank.com|fastag-redash.paytmbank.com|*.fastag-redash.paytmbank.com|deeppurple.paytmbank.com|*.deeppurple.paytmbank.com|aeps-mock-staging.paytmbank.com|*.aeps-mock-staging.paytmbank.com|aeps-switch-staging2.paytmbank.com|*.aeps-switch-staging2.paytmbank.com|aeps-issuer-staging.paytmbank.com|*.aeps-issuer-staging.paytmbank.com|aeps-acquirer-staging.paytmbank.com|*.aeps-acquirer-staging.paytmbank.com|aeps-recon-staging.paytmbank.com|*.aeps-recon-staging.paytmbank.com|202.143.99.177|paytmpb.io|*.paytmpb.io|kyc-dev-panel.paytmbank.com|*.kyc-dev-panel.paytmbank.com|172.60.5.139|maquette-ldap.paytmbank.inner-route.com|*.maquette-ldap.paytmbank.inner-route.com|172.24.33.51|172.60.5.174|172.60.5.187|azkabannode-dataset-prod-1.paytm-pb.net|*.azkabannode-dataset-prod-1.paytm-pb.net|artifactory.mypaytm.com|*.artifactory.mypaytm.com|teams.microsoft.com|*.teams.microsoft.com|1.7.216.195|182.18.155.26|netbanking-internal-dc.paytmbank.com|*.netbanking-internal-dc.paytmbank.com|emr-master02.internal.prod-ppbl.osmose.paytmlabs.com|*.emr-master02.internal.prod-ppbl.osmose.paytmlabs.com|kibana.prod-sa1.osmose.paytmlabs.com|*.kibana.prod-sa1.osmose.paytmlabs.com|maquette-audit.paytmbank.inner-route.com|*.maquette-audit.paytmbank.inner-route.com|shiksha-ite.com|*.shiksha-ite.com|deeppurple-ite.com|*.deeppurple-ite.com|mw-amc.paytmbank.com|*.mw-amc.paytmbank.com|maquette.paytmbank.inner-route.com|*.maquette.paytmbank.inner-route.com|maquette.stg-sa1.inner-route.com|*.maquette.stg-sa1.inner-route.com|maquette-admin.stg-sa1.inner-route.com|*.maquette-admin.stg-sa1.inner-route.com|maquette-admin-ldap.paytmbank.inner-route.com|*.maquette-admin-ldap.paytmbank.inner-route.com|maquette-admin.paytmbank.inner-route.com|*.maquette-admin.paytmbank.inner-route.com|bankapp-internal-dc.paytmbank.com|*.bankapp-internal-dc.paytmbank.com"/>
    <property name="http.proxyPort" value="8080"/>
  </properties>
  <testcase name="contextLoads" classname="com.example.milestone1.Milestone1ApplicationTests" time="0.07"/>
</testsuite>